{"level":"info","message":"Successfully get all users list. Requested by: ::1","timestamp":"2024-02-05T08:19:00.869Z"}
{"level":"info","message":"Successfully get all users list. Requested by: ::1","timestamp":"2024-02-05T08:19:40.457Z"}
{"level":"error","message":"Error while fetching logs: file does not exist","timestamp":"2024-02-05T08:20:08.890Z"}
{"level":"info","message":"Successfully get all users list. Requested by: ::1","timestamp":"2024-02-05T08:52:11.740Z"}
{"level":"info","message":"User created successfully. Requested by: ::1","timestamp":"2024-02-05T08:53:27.250Z"}
{"level":"info","message":"Successfully get all users list. Requested by: ::1","timestamp":"2024-02-05T08:53:27.329Z"}
{"level":"info","message":"Successfully get all users list. Requested by: ::1","timestamp":"2024-02-05T08:53:40.794Z"}
{"level":"info","message":"Delete user successfully... Requested by: ::1","timestamp":"2024-02-05T08:53:44.154Z"}
{"level":"info","message":"Successfully get all users list. Requested by: ::1","timestamp":"2024-02-05T08:53:44.200Z"}
{"level":"info","message":"Successfully get all users list. Requested by: ::1","timestamp":"2024-02-05T08:54:24.597Z"}
{"level":"info","message":"Successfully get all users list. Requested by: ::1","timestamp":"2024-02-05T08:56:04.740Z"}
{"level":"info","message":"Successfully get all users list. Requested by: ::1","timestamp":"2024-02-05T08:56:26.798Z"}
{"level":"info","message":"Successfully get all users list. Requested by: ::1","timestamp":"2024-02-05T08:58:23.910Z"}
{"level":"info","message":"Successfully get all users list. Requested by: ::1","timestamp":"2024-02-05T09:01:12.973Z"}
{"level":"info","message":"Successfully get all users list. Requested by: ::1","timestamp":"2024-02-05T09:15:03.453Z"}
{"level":"info","message":"Get all l successfully!. Requested by: ::1","timestamp":"2024-02-05T09:30:58.046Z"}
{"level":"info","message":"Get all l successfully!. Requested by: ::1","timestamp":"2024-02-05T09:31:22.432Z"}
{"level":"info","message":"Get all l successfully!. Requested by: ::1","timestamp":"2024-02-05T09:32:14.204Z"}
{"level":"info","message":"Get all l successfully!. Requested by: ::1","timestamp":"2024-02-05T09:33:29.806Z"}
{"level":"info","message":"Get all l successfully!. Requested by: ::1","timestamp":"2024-02-05T09:35:35.474Z"}
{"level":"info","message":"Get all l successfully!. Requested by: ::1","timestamp":"2024-02-05T09:36:02.550Z"}
{"level":"info","message":"Get all l successfully!. Requested by: ::1","timestamp":"2024-02-05T09:36:04.435Z"}
{"level":"info","message":"Get all l successfully!. Requested by: ::1","timestamp":"2024-02-05T09:36:22.160Z"}
{"level":"info","message":"Get all l successfully!. Requested by: ::1","timestamp":"2024-02-05T09:40:28.269Z"}
{"level":"info","message":"Get all l successfully!. Requested by: ::1","timestamp":"2024-02-05T09:40:38.182Z"}
{"level":"info","message":"Get all l successfully!. Requested by: ::1","timestamp":"2024-02-05T09:41:23.840Z"}
{"level":"info","message":"Get all l successfully!. Requested by: ::1","timestamp":"2024-02-05T09:41:28.065Z"}
{"level":"info","message":"Successfully get all users list. Requested by: ::1","timestamp":"2024-02-05T09:43:53.969Z"}
{"level":"info","message":"Get all l successfully!. Requested by: ::1","timestamp":"2024-02-05T09:43:55.945Z"}
{"level":"info","message":"Get all l successfully!. Requested by: ::1","timestamp":"2024-02-05T09:45:40.236Z"}
{"level":"info","message":"Get all l successfully!. Requested by: ::1","timestamp":"2024-02-05T09:46:32.342Z"}
{"level":"info","message":"Get all l successfully!. Requested by: ::1","timestamp":"2024-02-05T09:46:33.187Z"}
{"level":"info","message":"Get all l successfully!. Requested by: ::1","timestamp":"2024-02-05T09:51:10.898Z"}
{"level":"info","message":"Get all l successfully!. Requested by: ::1","timestamp":"2024-02-05T09:52:18.455Z"}
{"level":"info","message":"Get all l successfully!. Requested by: ::1","timestamp":"2024-02-05T09:52:26.254Z"}
{"level":"info","message":"Get all l successfully!. Requested by: ::1","timestamp":"2024-02-05T09:52:43.277Z"}
{"level":"info","message":"Get all l successfully!. Requested by: ::1","timestamp":"2024-02-05T09:53:06.446Z"}
{"level":"info","message":"Delete article successfully!. Requested by: ::1","timestamp":"2024-02-05T09:53:08.971Z"}
{"level":"info","message":"Get all l successfully!. Requested by: ::1","timestamp":"2024-02-05T09:53:09.008Z"}
{"level":"info","message":"Get all l successfully!. Requested by: ::1","timestamp":"2024-02-05T09:53:36.108Z"}
{"level":"info","message":"Delete article successfully!. Requested by: ::1","timestamp":"2024-02-05T09:53:38.461Z"}
{"level":"info","message":"Get all l successfully!. Requested by: ::1","timestamp":"2024-02-05T09:53:38.493Z"}
{"level":"info","message":"Get all l successfully!. Requested by: ::1","timestamp":"2024-02-05T09:54:44.908Z"}
{"level":"info","message":"Successfully get all users list. Requested by: ::1","timestamp":"2024-02-05T09:56:20.464Z"}
{"level":"info","message":"Get all l successfully!. Requested by: ::1","timestamp":"2024-02-05T09:56:23.585Z"}
{"level":"info","message":"Get all l successfully!. Requested by: ::1","timestamp":"2024-02-05T09:56:56.868Z"}
{"level":"info","message":"Get all l successfully!. Requested by: ::1","timestamp":"2024-02-05T09:56:57.500Z"}
{"level":"info","message":"Get all l successfully!. Requested by: ::1","timestamp":"2024-02-05T09:57:02.203Z"}
{"level":"info","message":"Get all l successfully!. Requested by: ::1","timestamp":"2024-02-05T09:57:32.179Z"}
{"level":"info","message":"Delete article successfully!. Requested by: ::1","timestamp":"2024-02-05T09:57:46.739Z"}
{"level":"info","message":"Get all l successfully!. Requested by: ::1","timestamp":"2024-02-05T09:57:46.807Z"}
{"level":"info","message":"Delete article successfully!. Requested by: ::1","timestamp":"2024-02-05T09:57:49.320Z"}
{"level":"info","message":"Get all l successfully!. Requested by: ::1","timestamp":"2024-02-05T09:57:49.362Z"}
{"level":"info","message":"Successfully get all users list. Requested by: ::1","timestamp":"2024-02-05T09:58:13.042Z"}
{"level":"info","message":"Get all l successfully!. Requested by: ::1","timestamp":"2024-02-05T09:58:17.156Z"}
{"level":"info","message":"Successful connection. Requested by: ::1","timestamp":"2024-02-07T08:38:30.172Z"}
{"level":"info","message":"Successfully get all users list. Requested by: ::1","timestamp":"2024-02-07T08:38:53.737Z"}
{"level":"info","message":"Get all l successfully!. Requested by: ::1","timestamp":"2024-02-07T08:39:02.821Z"}
{"level":"info","message":"Get all l successfully!. Requested by: ::1","timestamp":"2024-02-07T08:42:26.965Z"}
{"level":"info","message":"Delete article successfully!. Requested by: ::1","timestamp":"2024-02-07T08:42:31.313Z"}
{"level":"info","message":"Get all l successfully!. Requested by: ::1","timestamp":"2024-02-07T08:42:31.420Z"}
{"level":"info","message":"Get all l successfully!. Requested by: ::1","timestamp":"2024-02-07T08:48:08.042Z"}
{"level":"info","message":"Get all l successfully!. Requested by: ::1","timestamp":"2024-02-07T08:49:28.572Z"}
{"level":"info","message":"Get all l successfully!. Requested by: ::1","timestamp":"2024-02-07T08:49:40.810Z"}
{"level":"info","message":"Get all l successfully!. Requested by: ::1","timestamp":"2024-02-07T08:51:54.659Z"}
{"level":"info","message":"Get all l successfully!. Requested by: ::1","timestamp":"2024-02-07T08:51:58.730Z"}
{"level":"info","message":"Get all l successfully!. Requested by: ::1","timestamp":"2024-02-07T08:52:17.879Z"}
{"level":"info","message":"Article created successfully!. Requested by: ::1","timestamp":"2024-02-07T08:57:06.941Z"}
{"level":"info","message":"Article created successfully!. Requested by: ::1","timestamp":"2024-02-07T08:59:24.915Z"}
{"level":"info","message":"Get all l successfully!. Requested by: ::1","timestamp":"2024-02-07T08:59:29.271Z"}
{"level":"info","message":"Article created successfully!. Requested by: ::1","timestamp":"2024-02-07T09:00:02.425Z"}
{"level":"info","message":"Successfully get all users list. Requested by: ::1","timestamp":"2024-02-07T09:00:06.374Z"}
{"level":"info","message":"Get all l successfully!. Requested by: ::1","timestamp":"2024-02-07T09:00:09.050Z"}
{"level":"info","message":"Delete article successfully!. Requested by: ::1","timestamp":"2024-02-07T09:00:12.327Z"}
{"level":"info","message":"Get all l successfully!. Requested by: ::1","timestamp":"2024-02-07T09:00:12.379Z"}
{"level":"info","message":"Get all l successfully!. Requested by: ::1","timestamp":"2024-02-07T09:00:19.735Z"}
{"level":"info","message":"Get all l successfully!. Requested by: ::1","timestamp":"2024-02-07T09:00:55.970Z"}
{"level":"info","message":"Get all l successfully!. Requested by: ::1","timestamp":"2024-02-07T09:01:33.104Z"}
{"level":"info","message":"Get all l successfully!. Requested by: ::1","timestamp":"2024-02-07T09:02:10.266Z"}
{"level":"info","message":"Successfully get all users list. Requested by: ::1","timestamp":"2024-02-07T09:02:15.479Z"}
{"level":"info","message":"Get all l successfully!. Requested by: ::1","timestamp":"2024-02-07T09:10:01.535Z"}
{"level":"info","message":"Successfully get all users list. Requested by: ::1","timestamp":"2024-02-07T09:10:01.537Z"}
{"level":"info","message":"Get all l successfully!. Requested by: ::1","timestamp":"2024-02-07T09:10:23.099Z"}
{"level":"info","message":"Successful connection. Requested by: ::1","timestamp":"2024-02-07T09:11:42.489Z"}
{"level":"info","message":"Successful connection. Requested by: ::1","timestamp":"2024-02-13T09:59:28.390Z"}
{"level":"info","message":"Successfully get all users list. Requested by: ::1","timestamp":"2024-02-13T10:10:11.651Z"}
{"level":"info","message":"Successfully get all users list. Requested by: ::1","timestamp":"2024-02-13T10:10:22.906Z"}
{"level":"info","message":"Successfully get all users list. Requested by: ::1","timestamp":"2024-02-13T10:10:28.836Z"}
{"level":"info","message":"Get all l successfully!. Requested by: ::1","timestamp":"2024-02-13T10:10:30.331Z"}
{"level":"info","message":"Successful connection. Requested by: ::1","timestamp":"2024-02-19T08:53:15.213Z"}
{"level":"info","message":"Successfully get all users list. Requested by: ::1","timestamp":"2024-02-19T08:53:29.140Z"}
{"level":"info","message":"User created successfully. Requested by: ::1","timestamp":"2024-02-19T08:53:57.710Z"}
{"level":"info","message":"Successfully get all users list. Requested by: ::1","timestamp":"2024-02-19T08:53:57.791Z"}
{"level":"info","message":"Update user successfully.... Requested by: ::1","timestamp":"2024-02-19T08:54:07.342Z"}
{"level":"info","message":"Successfully get all users list. Requested by: ::1","timestamp":"2024-02-19T08:54:07.413Z"}
{"level":"info","message":"Get all l successfully!. Requested by: ::1","timestamp":"2024-02-19T08:54:25.445Z"}
{"level":"info","message":"Get all l successfully!. Requested by: ::1","timestamp":"2024-02-19T08:55:56.897Z"}
{"level":"info","message":"Get all l successfully!. Requested by: ::1","timestamp":"2024-02-19T08:55:59.680Z"}
{"level":"info","message":"Get all l successfully!. Requested by: ::1","timestamp":"2024-02-19T08:56:51.863Z"}
{"level":"info","message":"Get all l successfully!. Requested by: ::1","timestamp":"2024-02-19T08:57:02.142Z"}
{"level":"info","message":"Get all l successfully!. Requested by: ::1","timestamp":"2024-02-19T08:57:06.444Z"}
{"level":"info","message":"Get all l successfully!. Requested by: ::1","timestamp":"2024-02-19T08:57:13.460Z"}
{"level":"info","message":"Get all l successfully!. Requested by: ::1","timestamp":"2024-02-19T08:57:28.822Z"}
{"level":"info","message":"Successfully get all users list. Requested by: ::1","timestamp":"2024-02-19T08:57:36.979Z"}
{"level":"info","message":"Get all l successfully!. Requested by: ::1","timestamp":"2024-02-19T08:57:41.236Z"}
{"level":"info","message":"Get all l successfully!. Requested by: ::1","timestamp":"2024-02-19T08:58:06.905Z"}
{"level":"info","message":"Get all l successfully!. Requested by: ::1","timestamp":"2024-02-19T08:58:15.772Z"}
{"level":"info","message":"Successfully get all users list. Requested by: ::1","timestamp":"2024-02-19T10:57:11.482Z"}
{"level":"info","message":"Successfully get all users list. Requested by: ::1","timestamp":"2024-02-19T10:57:34.765Z"}
{"level":"info","message":"Successfully get all users list. Requested by: ::1","timestamp":"2024-02-19T10:57:41.636Z"}
{"level":"info","message":"Get all l successfully!. Requested by: ::1","timestamp":"2024-02-19T10:58:49.908Z"}
{"level":"info","message":"Successfully get all users list. Requested by: ::1","timestamp":"2024-02-19T10:58:52.292Z"}
{"level":"info","message":"Successfully get all users list. Requested by: ::1","timestamp":"2024-02-19T10:58:56.026Z"}
{"level":"info","message":"Successfully get all users list. Requested by: ::1","timestamp":"2024-02-19T10:59:21.192Z"}
{"level":"info","message":"Get all l successfully!. Requested by: ::1","timestamp":"2024-02-19T11:26:32.289Z"}
{"level":"info","message":"Get all l successfully!. Requested by: ::1","timestamp":"2024-02-19T11:26:35.832Z"}
{"level":"info","message":"Get all l successfully!. Requested by: ::1","timestamp":"2024-02-19T11:27:07.205Z"}
{"level":"info","message":"Get all l successfully!. Requested by: ::1","timestamp":"2024-02-19T11:27:56.973Z"}
{"level":"info","message":"Get all l successfully!. Requested by: ::1","timestamp":"2024-02-19T11:27:59.361Z"}
{"level":"info","message":"Get all l successfully!. Requested by: ::1","timestamp":"2024-02-19T11:28:47.113Z"}
{"level":"info","message":"Get all l successfully!. Requested by: ::1","timestamp":"2024-02-19T11:29:07.174Z"}
{"level":"info","message":"Get all l successfully!. Requested by: ::1","timestamp":"2024-02-19T11:29:17.048Z"}
{"level":"info","message":"Get all l successfully!. Requested by: ::1","timestamp":"2024-02-19T11:32:08.632Z"}
{"level":"info","message":"Get all l successfully!. Requested by: ::1","timestamp":"2024-02-19T11:32:11.382Z"}
{"level":"info","message":"Get all l successfully!. Requested by: ::1","timestamp":"2024-02-19T11:35:32.137Z"}
{"level":"info","message":"Get all l successfully!. Requested by: ::1","timestamp":"2024-02-19T11:35:52.645Z"}
{"level":"info","message":"Get all l successfully!. Requested by: ::1","timestamp":"2024-02-19T11:36:30.976Z"}
{"level":"info","message":"Get all l successfully!. Requested by: ::1","timestamp":"2024-02-19T11:38:40.155Z"}
{"level":"info","message":"Get all l successfully!. Requested by: ::1","timestamp":"2024-02-19T11:38:55.526Z"}
{"level":"info","message":"Get all l successfully!. Requested by: ::1","timestamp":"2024-02-19T11:39:01.009Z"}
{"level":"info","message":"Get all l successfully!. Requested by: ::1","timestamp":"2024-02-19T11:49:38.791Z"}
{"level":"info","message":"Get all l successfully!. Requested by: ::1","timestamp":"2024-02-19T11:50:51.520Z"}
{"level":"info","message":"Get all l successfully!. Requested by: ::1","timestamp":"2024-02-19T11:51:21.178Z"}
{"level":"info","message":"Get all l successfully!. Requested by: ::1","timestamp":"2024-02-19T11:52:44.885Z"}
{"level":"info","message":"Get all l successfully!. Requested by: ::1","timestamp":"2024-02-19T11:53:04.518Z"}
{"level":"info","message":"Get all l successfully!. Requested by: ::1","timestamp":"2024-02-19T11:53:16.986Z"}
{"level":"info","message":"Get all l successfully!. Requested by: ::1","timestamp":"2024-02-19T11:53:23.508Z"}
{"level":"info","message":"Get all l successfully!. Requested by: ::1","timestamp":"2024-02-19T11:53:42.472Z"}
{"level":"info","message":"Get all l successfully!. Requested by: ::1","timestamp":"2024-02-19T11:54:16.189Z"}
{"level":"info","message":"Get all l successfully!. Requested by: ::1","timestamp":"2024-02-19T11:54:23.762Z"}
{"level":"info","message":"Get all l successfully!. Requested by: ::1","timestamp":"2024-02-19T11:54:41.682Z"}
{"level":"info","message":"Get all l successfully!. Requested by: ::1","timestamp":"2024-02-19T11:54:48.435Z"}
{"level":"info","message":"Get all l successfully!. Requested by: ::1","timestamp":"2024-02-19T11:55:08.380Z"}
{"level":"info","message":"Get all l successfully!. Requested by: ::1","timestamp":"2024-02-19T11:55:13.017Z"}
{"level":"info","message":"Get all l successfully!. Requested by: ::1","timestamp":"2024-02-19T12:02:18.198Z"}
{"level":"info","message":"Get all l successfully!. Requested by: ::1","timestamp":"2024-02-19T12:03:09.761Z"}
{"level":"info","message":"Get all l successfully!. Requested by: ::1","timestamp":"2024-02-19T12:03:29.570Z"}
{"level":"info","message":"Get all l successfully!. Requested by: ::1","timestamp":"2024-02-19T12:03:58.966Z"}
{"level":"info","message":"Get all l successfully!. Requested by: ::1","timestamp":"2024-02-19T12:04:17.422Z"}
{"level":"info","message":"Get all l successfully!. Requested by: ::1","timestamp":"2024-02-19T12:06:45.211Z"}
{"level":"info","message":"Get all l successfully!. Requested by: ::1","timestamp":"2024-02-19T12:12:10.413Z"}
{"level":"info","message":"Get all l successfully!. Requested by: ::1","timestamp":"2024-02-19T12:15:29.284Z"}
{"level":"info","message":"Get all l successfully!. Requested by: ::1","timestamp":"2024-02-19T12:18:16.402Z"}
{"level":"info","message":"Get all l successfully!. Requested by: ::1","timestamp":"2024-02-19T12:19:11.650Z"}
{"level":"info","message":"Get all l successfully!. Requested by: ::1","timestamp":"2024-02-19T12:19:39.769Z"}
{"level":"info","message":"Successfully get all users list. Requested by: ::1","timestamp":"2024-02-19T12:46:10.931Z"}
{"level":"info","message":"Successfully get all users list. Requested by: ::1","timestamp":"2024-02-19T14:17:44.609Z"}
{"level":"info","message":"Get all l successfully!. Requested by: ::1","timestamp":"2024-02-19T14:17:45.902Z"}
{"level":"info","message":"Get all l successfully!. Requested by: ::1","timestamp":"2024-02-19T14:20:32.355Z"}
{"level":"info","message":"Get all l successfully!. Requested by: ::1","timestamp":"2024-02-19T14:20:39.238Z"}
{"level":"info","message":"Get all l successfully!. Requested by: ::1","timestamp":"2024-02-19T14:21:14.883Z"}
{"level":"info","message":"Get all l successfully!. Requested by: ::1","timestamp":"2024-02-19T15:21:07.493Z"}
{"level":"info","message":"Get all l successfully!. Requested by: ::1","timestamp":"2024-02-19T15:23:56.930Z"}
{"level":"info","message":"Get all l successfully!. Requested by: ::1","timestamp":"2024-02-19T15:24:06.142Z"}
{"level":"info","message":"Get all l successfully!. Requested by: ::1","timestamp":"2024-02-19T15:24:20.432Z"}
{"level":"info","message":"Get all l successfully!. Requested by: ::1","timestamp":"2024-02-19T15:24:36.997Z"}
{"level":"info","message":"Get all l successfully!. Requested by: ::1","timestamp":"2024-02-19T15:25:44.494Z"}
{"level":"info","message":"Get all l successfully!. Requested by: ::1","timestamp":"2024-02-19T15:25:46.719Z"}
{"level":"info","message":"Get all l successfully!. Requested by: ::1","timestamp":"2024-02-19T15:26:43.366Z"}
{"level":"info","message":"Get all l successfully!. Requested by: ::1","timestamp":"2024-02-19T15:27:23.336Z"}
{"level":"info","message":"Get all l successfully!. Requested by: ::1","timestamp":"2024-02-19T15:28:34.431Z"}
{"level":"info","message":"Get all l successfully!. Requested by: ::1","timestamp":"2024-02-19T15:28:36.717Z"}
{"level":"info","message":"Get all l successfully!. Requested by: ::1","timestamp":"2024-02-19T15:28:52.297Z"}
{"level":"info","message":"Successfully get all users list. Requested by: ::1","timestamp":"2024-02-19T15:28:53.243Z"}
{"level":"info","message":"Successfully get all users list. Requested by: ::1","timestamp":"2024-02-19T15:30:14.423Z"}
{"level":"info","message":"Successfully get all users list. Requested by: ::1","timestamp":"2024-02-19T15:31:54.900Z"}
{"level":"info","message":"Successfully get all users list. Requested by: ::1","timestamp":"2024-02-19T15:32:04.646Z"}
{"level":"info","message":"Successfully get all users list. Requested by: ::ffff:127.0.0.1","timestamp":"2024-02-19T15:33:36.187Z"}
{"level":"info","message":"Successfully get all users list. Requested by: ::1","timestamp":"2024-02-19T15:34:30.429Z"}
