{"level":"error","message":"Error while fetching logs: ENOENT: no such file or directory, access '/Users/user/Documents/projects/web/admin-dashboard/backend/dist/logs/combined.log'"}
{"level":"error","message":"Error while fetching logs: ENOENT: no such file or directory, access '/Users/user/Documents/projects/web/admin-dashboard/backend/dist/logs/combined.log'"}
{"level":"error","message":"Error while fetching logs: ENOENT: no such file or directory, access '/Users/user/Documents/projects/web/admin-dashboard/backend/dist/logs/combined.log'"}
{"level":"error","message":"Error while fetching logs: ENOENT: no such file or directory, access '/Users/user/Documents/projects/web/admin-dashboard/backend/dist/logs/combined.log'"}
{"level":"error","message":"Error while fetching logs: ENOENT: no such file or directory, access '/Users/user/Documents/projects/web/admin-dashboard/backend/dist/logs/combined.log'"}
{"level":"error","message":"Error while fetching logs: ENOENT: no such file or directory, access '/Users/user/Documents/projects/web/admin-dashboard/backend/dist/logs/combined.log'"}
{"level":"error","message":"Error while fetching logs: ENOENT: no such file or directory, access '/Users/user/Documents/projects/web/admin-dashboard/backend/dist/logs/combined.log'"}
{"level":"error","message":"Error while fetching logs: ENOENT: no such file or directory, access '/Users/user/Documents/projects/web/admin-dashboard/backend/dist/logs/combined.log'"}
{"level":"error","message":"Error while fetching logs: ENOENT: no such file or directory, access '/Users/user/Documents/projects/web/admin-dashboard/backend/dist/logs/combined.log'"}
{"level":"error","message":"Error while fetching logs: ENOENT: no such file or directory, access '/Users/user/Documents/projects/web/admin-dashboard/backend/dist/logs/combined.log'"}
{"level":"error","message":"Error while fetching logs: ENOENT: no such file or directory, access '/Users/user/Documents/projects/web/admin-dashboard/backend/dist/logs/combined.log'"}
{"level":"error","message":"Error while fetching logs: ENOENT: no such file or directory, access '/Users/user/Documents/projects/web/admin-dashboard/backend/dist/logs/combined.log'"}
{"level":"error","message":"Error while fetching logs: ENOENT: no such file or directory, access '/Users/user/Documents/projects/web/admin-dashboard/backend/dist/logs/combined.log'"}
{"level":"error","message":"Uncaught Exception: The \"fd\" argument must be of type number. Received undefined"}
{"level":"error","message":"Error while fetching logs: ENOENT: no such file or directory, access '/Users/user/Documents/projects/web/admin-dashboard/backend/dist/logs/combined'"}
{"level":"error","message":"Error while fetching logs: ENOENT: no such file or directory, access '/Users/user/Documents/projects/web/admin-dashboard/backend/dist/logs/combined'"}
{"level":"error","message":"Error while fetching logs: ENOENT: no such file or directory, access '/Users/user/Documents/projects/web/admin-dashboard/backend/dist/logs/combined.txt'"}
{"level":"error","message":"Error while fetching logs: ENOENT: no such file or directory, access '/Users/user/Documents/projects/web/admin-dashboard/backend/dist/logs/combined.txt'"}
{"level":"error","message":"Error while fetching logs: file does not exist","timestamp":"2024-02-05T05:04:25.399Z"}
{"level":"error","message":"Error while fetching logs: file does not exist","timestamp":"2024-02-05T05:04:27.110Z"}
{"level":"error","message":"Error while fetching logs: file does not exist","timestamp":"2024-02-05T05:04:36.392Z"}
{"level":"error","message":"Error while fetching logs: file does not exist","timestamp":"2024-02-05T05:04:39.148Z"}
{"level":"error","message":"Error while fetching logs: file does not exist","timestamp":"2024-02-05T05:04:44.188Z"}
